c:\users\hp\source\repos\project2\project2\x64\release\vc142.pdb
c:\users\hp\source\repos\project2\project2\x64\release\matrx.obj
c:\users\hp\source\repos\project2\project2\x64\release\k_sredn_yadr.obj
c:\users\hp\source\repos\project2\project2\x64\release\k_sredn.obj
c:\users\hp\source\repos\project2\project2\x64\release\interpolation.obj
c:\users\hp\source\repos\project2\project2\x64\release\ierarch.obj
c:\users\hp\source\repos\project2\project2\x64\release\forel.obj
c:\users\hp\source\repos\project2\project2\x64\release\find_cl.obj
c:\users\hp\source\repos\project2\project2\x64\release\field.obj
c:\users\hp\source\repos\project2\project2\x64\release\em_alg.obj
c:\users\hp\source\repos\project2\project2\x64\release\d_matr.obj
c:\users\hp\source\repos\project2\project2\x64\release\delaunay_triangulation.obj
c:\users\hp\source\repos\project2\project2\x64\release\dbwave.obj
c:\users\hp\source\repos\project2\project2\x64\release\dbbinary.obj
c:\users\hp\source\repos\project2\project2\x64\release\create_sp.obj
c:\users\hp\source\repos\project2\project2\x64\release\controller.obj
c:\users\hp\source\repos\project2\project2\x64\release\clowd.obj
c:\users\hp\source\repos\project2\project2\x64\release\claster.obj
c:\users\hp\source\repos\project2\project2\x64\release\b_matr.obj
c:\users\hp\source\repos\project2\project2\x64\release\binary.obj
c:\users\hp\source\repos\project2\project2\x64\release\administrator.obj
c:\users\hp\source\repos\project2\project2\x64\release\wave.obj
c:\users\hp\source\repos\project2\project2\x64\release\tvector.obj
c:\users\hp\source\repos\project2\project2\x64\release\triangle.obj
c:\users\hp\source\repos\project2\project2\x64\release\sp_tree.obj
c:\users\hp\source\repos\project2\project2\x64\release\source.obj
c:\users\hp\source\repos\project2\project2\x64\release\segment.obj
c:\users\hp\source\repos\project2\project2\x64\release\proxy.obj
c:\users\hp\source\repos\project2\project2\x64\release\point.obj
c:\users\hp\source\repos\project2\x64\release\project2.exe
c:\users\hp\source\repos\project2\project2\x64\release\project2.ipdb
c:\users\hp\source\repos\project2\project2\x64\release\project2.iobj
c:\users\hp\source\repos\project2\x64\release\project2.pdb
c:\users\hp\source\repos\project2\project2\x64\release\project2.tlog\cl.command.1.tlog
c:\users\hp\source\repos\project2\project2\x64\release\project2.tlog\cl.read.1.tlog
c:\users\hp\source\repos\project2\project2\x64\release\project2.tlog\cl.write.1.tlog
c:\users\hp\source\repos\project2\project2\x64\release\project2.tlog\link.command.1.tlog
c:\users\hp\source\repos\project2\project2\x64\release\project2.tlog\link.read.1.tlog
c:\users\hp\source\repos\project2\project2\x64\release\project2.tlog\link.write.1.tlog
